2024-06-10 20:04:20.115131 (33281) main____ INFO    ----------------------------------------
2024-06-10 20:04:20.115208 (33281) main____ INFO    Jasper version info
2024-06-10 20:04:20.115216 (33281) main____ INFO      tool      : Jasper 2023.09
2024-06-10 20:04:20.115224 (33281) main____ INFO      version   : 2023.09 FCS 64 bits
2024-06-10 20:04:20.115229 (33281) main____ INFO      build date: 2023.09.27 19:40:18 UTC
2024-06-10 20:04:20.115234 (33281) main____ INFO    ----------------------------------------
2024-06-10 20:04:20.115239 (33281) main____ INFO    Runtime info:
2024-06-10 20:04:20.115244 (33281) main____ INFO      platform  : Linux 4.19.0-20-amd64 x86_64
2024-06-10 20:04:20.115252 (33281) main____ INFO      hostname  : joc047
2024-06-10 20:04:20.115257 (33281) main____ INFO      pid       : 33281
2024-06-10 20:04:20.115262 (33281) main____ INFO      arguments : '-style' 'windows' 'FIFO_fpv.tcl'
2024-06-10 20:04:20.115268 (33281) main____ INFO      locale    : ANSI_X3.4-1968
2024-06-10 20:04:20.115273 (33281) main____ INFO    ----------------------------------------
2024-06-10 20:04:20.115277 (33281) main____ INFO    System resource limits info:
2024-06-10 20:04:20.115283 (33281) main____ INFO      virtual memory: unlimited
2024-06-10 20:04:20.115288 (33281) main____ INFO      cpu time      : unlimited
2024-06-10 20:04:20.115297 (33281) main____ INFO      processes     : 254554
2024-06-10 20:04:20.115307 (33281) main____ INFO      stack size    : 8388608 B
2024-06-10 20:04:20.115313 (33281) main____ INFO      core file size: 0 B
2024-06-10 20:04:20.115318 (33281) main____ INFO      open files    : 1024
2024-06-10 20:04:20.115324 (33281) main____ INFO      file size     : unlimited
2024-06-10 20:04:20.115328 (33281) main____ INFO    ----------------------------------------
2024-06-10 20:04:20.115333 (33281) main____ INFO    Memory statistics:
2024-06-10 20:04:20.115337 (33281) main____ INFO      total physical memory  : 8388608 kB
2024-06-10 20:04:20.115342 (33281) main____ INFO      free physical memory   : 5708552 kB
2024-06-10 20:04:20.115347 (33281) main____ INFO      committed address space: 15447024 kB
2024-06-10 20:04:20.115351 (33281) main____ INFO    ----------------------------------------
2024-06-10 20:04:20.116199 (33281) main____ INFO    Important environment variables:
2024-06-10 20:04:20.116213 (33281) main____ INFO      CDS_AUTO_32BIT     : 'NONE'
2024-06-10 20:04:20.116219 (33281) main____ INFO      CDS_AUTO_64BIT     : 'ALL'
2024-06-10 20:04:20.116226 (33281) main____ INFO      CDS_GENUS201       : '/edatools/cdnc/GENUS211'
2024-06-10 20:04:20.116233 (33281) main____ INFO      CDS_INNOVUS191     : '/edatools/cdnc/INNOVUS211'
2024-06-10 20:04:20.116240 (33281) main____ INFO      CDS_INST           : '/edatools/cdnc'
2024-06-10 20:04:20.116246 (33281) main____ INFO      CDS_LIC_FILE       : '5280@10.0.29.220'
2024-06-10 20:04:20.116252 (33281) main____ INFO      DISPLAY            : ':1.0'
2024-06-10 20:04:20.116259 (33281) main____ INFO      JASPER_INSTALL_DIR : '/edatools/cdnc/JASPER2309'
2024-06-10 20:04:20.116265 (33281) main____ INFO      JASPER_KERNEL_CHECK: '1'
2024-06-10 20:04:20.116271 (33281) main____ INFO      JASPER_OS_CHECK    : '1'
2024-06-10 20:04:20.116288 (33281) main____ INFO      LANG               : 'C'
2024-06-10 20:04:20.116295 (33281) main____ INFO      LC_HOME            : '/edatools/snps/installs/lc/R-2020.09'
2024-06-10 20:04:20.116301 (33281) main____ INFO      LM_LICENSE_FILE    : '5280@10.0.29.220'
2024-06-10 20:04:20.116305 (33281) main____ INFO    ----------------------------------------
2024-06-10 20:04:20.117074 (33281) lic_core INFO    Initializing license system ...
2024-06-10 20:04:20.119662 (33281) lic_core INFO    ... license system initialized.
2024-06-10 20:04:20.121168 (33281) lic__man INFO    Claim 'main' for <ui>.
2024-06-10 20:04:20.121191 (33281) lic_core INFO    (1) checking out 'jasper_interactive' ...
2024-06-10 20:04:20.226459 (33281) lic_core INFO    ... (1) checkout succeeded
2024-06-10 20:04:20.226517 (33281) lic__man INFO    Claim 'fpv' for <ui>.
2024-06-10 20:04:20.226546 (33281) lic_core INFO    (2) checking out 'jasper_fpv' ...
2024-06-10 20:04:20.231476 (33281) lic_core INFO    ... (2) checkout failed (error: -5) ("FLEXnet ERROR(-5, 0, 0): No such feature exists.")
2024-06-10 20:04:20.231530 (33281) lic_core INFO    (3) checking out 'jasper_fao' ...
2024-06-10 20:04:20.243043 (33281) lic_core INFO    ... (3) checkout succeeded
2024-06-10 20:04:20.243428 (33281) main____ INFO    Tool inactivity delay is 480000 ms.
2024-06-10 20:04:20.794023 (33281) lic__man INFO    Claim 'fpv' for <ui>.
2024-06-10 20:04:20.989092 (33281) lic__man INFO    Unclaim 'fpv' for <ui>.
2024-06-10 20:04:20.989128 (33281) lic__man INFO    Claim 'fpv' for <ui>.
2024-06-10 20:04:20.994266 (33281) session_ INFO    Starting analysis session with session id 'session_0' (launcher: <local>) ...
2024-06-10 20:04:20.996938 (33281) session_ INFO    Analysis session with session id 'session_0' started (pid: 33303)
2024-06-10 20:04:21.806044 (33281) session_ INFO    Analysis session 'session_0' connected to the console (host: 127.0.0.1:40246)
2024-06-10 20:04:22.160302 (33281) main____ INFO    Releasing console memory by request of analysis session 'session_0'.
2024-06-10 20:04:22.160613 (33281) lic__man INFO    Unclaim everything for 'session_0'.
2024-06-10 20:04:22.533361 (33281) lic__man INFO    Unclaim everything for 'session_0'.
2024-06-10 20:05:08.193647 (33281) lic__man INFO    Claim 'fpv' for 'session_0'.
2024-06-10 20:05:08.193697 (33281) lic__man INFO    Claim 'fpv' for 'session_0/prove-0'.
2024-06-10 20:05:10.394570 (33281) lic__man INFO    Unclaim everything for 'session_0/prove-0'.
2024-06-10 20:05:34.433867 (33281) lic__man INFO    Claim 'fpv' for 'session_0'.
2024-06-10 20:11:05.819203 (33281) main____ INFO    Releasing console memory by request of analysis session 'session_0'.
2024-06-10 20:11:05.819335 (33281) lic__man INFO    Unclaim everything for 'session_0'.
2024-06-10 20:11:07.051789 (33281) lic__man INFO    Unclaim everything for 'session_0'.
2024-06-10 20:11:29.088646 (33281) lic__man INFO    Claim 'fpv' for 'session_0'.
2024-06-10 20:11:29.088697 (33281) lic__man INFO    Claim 'fpv' for 'session_0/prove-0'.
2024-06-10 20:11:31.178160 (33281) lic__man INFO    Unclaim everything for 'session_0/prove-0'.
2024-06-10 20:11:38.164070 (33281) lic__man INFO    Claim 'fpv' for 'session_0'.
2024-06-10 20:16:21.454186 (33281) main____ INFO    Releasing console memory by request of analysis session 'session_0'.
2024-06-10 20:16:21.454393 (33281) lic__man INFO    Unclaim everything for 'session_0'.
2024-06-10 20:16:22.674218 (33281) lic__man INFO    Unclaim everything for 'session_0'.
2024-06-10 20:16:31.989767 (33281) lic__man INFO    Claim 'fpv' for 'session_0'.
2024-06-10 20:16:31.989821 (33281) lic__man INFO    Claim 'fpv' for 'session_0/prove-0'.
2024-06-10 20:16:33.472703 (33281) lic__man INFO    Unclaim everything for 'session_0/prove-0'.
2024-06-10 20:16:46.166721 (33281) lic__man INFO    Claim 'fpv' for 'session_0'.
2024-06-10 20:16:46.166765 (33281) lic__man INFO    Claim 'fpv' for 'session_0/prove-1'.
2024-06-10 20:16:48.207361 (33281) lic__man INFO    Unclaim everything for 'session_0/prove-1'.
2024-06-10 20:16:53.278848 (33281) lic__man INFO    Claim 'fpv' for 'session_0'.
2024-06-10 20:30:25.580259 (33281) main____ INFO    Releasing console memory by request of analysis session 'session_0'.
2024-06-10 20:30:25.580428 (33281) lic__man INFO    Unclaim everything for 'session_0'.
2024-06-10 20:30:26.750948 (33281) lic__man INFO    Unclaim everything for 'session_0'.
2024-06-10 20:30:40.974837 (33281) lic__man INFO    Claim 'fpv' for 'session_0'.
2024-06-10 20:30:40.974881 (33281) lic__man INFO    Claim 'fpv' for 'session_0/prove-0'.
2024-06-10 20:30:43.084989 (33281) lic__man INFO    Unclaim everything for 'session_0/prove-0'.
2024-06-10 20:31:42.455598 (33281) lic__man INFO    Claim 'fpv' for 'session_0'.
2024-06-10 20:32:23.286304 (33281) main____ INFO    Releasing console memory by request of analysis session 'session_0'.
2024-06-10 20:32:23.286631 (33281) lic__man INFO    Unclaim everything for 'session_0'.
2024-06-10 20:32:24.459583 (33281) lic__man INFO    Unclaim everything for 'session_0'.
2024-06-10 20:32:32.202721 (33281) lic__man INFO    Claim 'fpv' for 'session_0'.
2024-06-10 20:32:32.202804 (33281) lic__man INFO    Claim 'fpv' for 'session_0/prove-0'.
2024-06-10 20:32:34.359026 (33281) lic__man INFO    Unclaim everything for 'session_0/prove-0'.
2024-06-10 20:32:39.180944 (33281) lic__man INFO    Claim 'fpv' for 'session_0'.
2024-06-10 20:36:54.694479 (33281) main____ INFO    Releasing console memory by request of analysis session 'session_0'.
2024-06-10 20:36:54.694927 (33281) lic__man INFO    Unclaim everything for 'session_0'.
2024-06-10 20:36:55.859481 (33281) lic__man INFO    Unclaim everything for 'session_0'.
2024-06-10 20:37:10.171073 (33281) lic__man INFO    Claim 'fpv' for 'session_0'.
2024-06-10 20:37:10.171155 (33281) lic__man INFO    Claim 'fpv' for 'session_0/prove-0'.
2024-06-10 20:37:12.360574 (33281) lic__man INFO    Unclaim everything for 'session_0/prove-0'.
2024-06-10 20:37:15.149830 (33281) lic__man INFO    Claim 'fpv' for 'session_0'.
2024-06-10 20:40:32.035640 (33281) main____ INFO    Releasing console memory by request of analysis session 'session_0'.
2024-06-10 20:40:32.035818 (33281) lic__man INFO    Unclaim everything for 'session_0'.
2024-06-10 20:40:33.250205 (33281) lic__man INFO    Unclaim everything for 'session_0'.
2024-06-10 20:40:44.518936 (33281) lic__man INFO    Claim 'fpv' for 'session_0'.
2024-06-10 20:40:44.518980 (33281) lic__man INFO    Claim 'fpv' for 'session_0/prove-0'.
2024-06-10 20:40:46.679521 (33281) lic__man INFO    Unclaim everything for 'session_0/prove-0'.
