2024-06-10 20:54:01.151385 (35749) main____ INFO    ----------------------------------------
2024-06-10 20:54:01.151464 (35749) main____ INFO    Jasper version info
2024-06-10 20:54:01.151473 (35749) main____ INFO      tool      : Jasper 2023.09
2024-06-10 20:54:01.151481 (35749) main____ INFO      version   : 2023.09 FCS 64 bits
2024-06-10 20:54:01.151487 (35749) main____ INFO      build date: 2023.09.27 19:40:18 UTC
2024-06-10 20:54:01.151491 (35749) main____ INFO    ----------------------------------------
2024-06-10 20:54:01.151496 (35749) main____ INFO    Runtime info:
2024-06-10 20:54:01.151502 (35749) main____ INFO      platform  : Linux 4.19.0-20-amd64 x86_64
2024-06-10 20:54:01.151510 (35749) main____ INFO      hostname  : joc047
2024-06-10 20:54:01.151515 (35749) main____ INFO      pid       : 35749
2024-06-10 20:54:01.151521 (35749) main____ INFO      arguments : '-style' 'windows' 'Verif/Formal/FIFO_fpv.tcl'
2024-06-10 20:54:01.151527 (35749) main____ INFO      locale    : ANSI_X3.4-1968
2024-06-10 20:54:01.151532 (35749) main____ INFO    ----------------------------------------
2024-06-10 20:54:01.151536 (35749) main____ INFO    System resource limits info:
2024-06-10 20:54:01.151541 (35749) main____ INFO      virtual memory: unlimited
2024-06-10 20:54:01.151546 (35749) main____ INFO      cpu time      : unlimited
2024-06-10 20:54:01.151556 (35749) main____ INFO      processes     : 254554
2024-06-10 20:54:01.151567 (35749) main____ INFO      stack size    : 8388608 B
2024-06-10 20:54:01.151573 (35749) main____ INFO      core file size: 0 B
2024-06-10 20:54:01.151578 (35749) main____ INFO      open files    : 1024
2024-06-10 20:54:01.151583 (35749) main____ INFO      file size     : unlimited
2024-06-10 20:54:01.151588 (35749) main____ INFO    ----------------------------------------
2024-06-10 20:54:01.151592 (35749) main____ INFO    Memory statistics:
2024-06-10 20:54:01.151597 (35749) main____ INFO      total physical memory  : 8388608 kB
2024-06-10 20:54:01.151602 (35749) main____ INFO      free physical memory   : 5685736 kB
2024-06-10 20:54:01.151606 (35749) main____ INFO      committed address space: 15449184 kB
2024-06-10 20:54:01.151611 (35749) main____ INFO    ----------------------------------------
2024-06-10 20:54:01.152472 (35749) main____ INFO    Important environment variables:
2024-06-10 20:54:01.152488 (35749) main____ INFO      CDS_AUTO_32BIT     : 'NONE'
2024-06-10 20:54:01.152495 (35749) main____ INFO      CDS_AUTO_64BIT     : 'ALL'
2024-06-10 20:54:01.152502 (35749) main____ INFO      CDS_GENUS201       : '/edatools/cdnc/GENUS211'
2024-06-10 20:54:01.152509 (35749) main____ INFO      CDS_INNOVUS191     : '/edatools/cdnc/INNOVUS211'
2024-06-10 20:54:01.152515 (35749) main____ INFO      CDS_INST           : '/edatools/cdnc'
2024-06-10 20:54:01.152522 (35749) main____ INFO      CDS_LIC_FILE       : '5280@10.0.29.220'
2024-06-10 20:54:01.152528 (35749) main____ INFO      DISPLAY            : ':1.0'
2024-06-10 20:54:01.152534 (35749) main____ INFO      JASPER_INSTALL_DIR : '/edatools/cdnc/JASPER2309'
2024-06-10 20:54:01.152551 (35749) main____ INFO      JASPER_KERNEL_CHECK: '1'
2024-06-10 20:54:01.152556 (35749) main____ INFO      JASPER_OS_CHECK    : '1'
2024-06-10 20:54:01.152562 (35749) main____ INFO      LANG               : 'C'
2024-06-10 20:54:01.152568 (35749) main____ INFO      LC_HOME            : '/edatools/snps/installs/lc/R-2020.09'
2024-06-10 20:54:01.152574 (35749) main____ INFO      LM_LICENSE_FILE    : '5280@10.0.29.220'
2024-06-10 20:54:01.152578 (35749) main____ INFO    ----------------------------------------
2024-06-10 20:54:01.153403 (35749) lic_core INFO    Initializing license system ...
2024-06-10 20:54:01.164473 (35749) lic_core INFO    ... license system initialized.
2024-06-10 20:54:01.166208 (35749) lic__man INFO    Claim 'main' for <ui>.
2024-06-10 20:54:01.166238 (35749) lic_core INFO    (1) checking out 'jasper_interactive' ...
2024-06-10 20:54:01.244544 (35749) lic_core INFO    ... (1) checkout succeeded
2024-06-10 20:54:01.244606 (35749) lic__man INFO    Claim 'fpv' for <ui>.
2024-06-10 20:54:01.244638 (35749) lic_core INFO    (2) checking out 'jasper_fpv' ...
2024-06-10 20:54:01.248591 (35749) lic_core INFO    ... (2) checkout failed (error: -5) ("FLEXnet ERROR(-5, 0, 0): No such feature exists.")
2024-06-10 20:54:01.248643 (35749) lic_core INFO    (3) checking out 'jasper_fao' ...
2024-06-10 20:54:01.257488 (35749) lic_core INFO    ... (3) checkout succeeded
2024-06-10 20:54:01.257890 (35749) main____ INFO    Tool inactivity delay is 480000 ms.
2024-06-10 20:54:01.806402 (35749) lic__man INFO    Claim 'fpv' for <ui>.
2024-06-10 20:54:01.964315 (35749) lic__man INFO    Unclaim 'fpv' for <ui>.
2024-06-10 20:54:01.964350 (35749) lic__man INFO    Claim 'fpv' for <ui>.
2024-06-10 20:54:01.969487 (35749) session_ INFO    Starting analysis session with session id 'session_0' (launcher: <local>) ...
2024-06-10 20:54:01.972175 (35749) session_ INFO    Analysis session with session id 'session_0' started (pid: 35771)
2024-06-10 20:54:02.785904 (35749) session_ INFO    Analysis session 'session_0' connected to the console (host: 127.0.0.1:32986)
2024-06-10 20:54:03.135240 (35749) main____ INFO    Releasing console memory by request of analysis session 'session_0'.
2024-06-10 20:54:03.135943 (35749) lic__man INFO    Unclaim everything for 'session_0'.
2024-06-10 20:54:10.848934 (35749) main____ INFO    About to exit: requested from GUI
2024-06-10 20:54:10.925923 (35749) session_ INFO    Analysis session 'session_0' disconnected.
2024-06-10 20:54:10.933571 (35749) lic_core INFO    (1) checkin jasper_interactive
2024-06-10 20:54:10.934310 (35749) lic_core INFO    (3) checkin jasper_fao
2024-06-10 20:54:10.935036 (35749) main____ INFO    Exiting with status 0.
